[2024-04-18 10:29:05.921] [jointLog] [info] setting maxHashResizeThreads to 4
[2024-04-18 10:29:05.921] [jointLog] [info] Fragment incompatibility prior below threshold.  Incompatible fragments will be ignored.
[2024-04-18 10:29:05.921] [jointLog] [info] Usage of --validateMappings implies use of minScoreFraction. Since not explicitly specified, it is being set to 0.65
[2024-04-18 10:29:05.921] [jointLog] [info] Setting consensusSlack to selective-alignment default of 0.35.
[2024-04-18 10:29:05.921] [jointLog] [info] parsing read library format
[2024-04-18 10:29:05.921] [jointLog] [info] There is 1 library.
[2024-04-18 10:29:05.921] [jointLog] [info] Loading pufferfish index
[2024-04-18 10:29:05.921] [jointLog] [info] Loading dense pufferfish index.
[2024-04-18 10:29:06.764] [jointLog] [info] done
[2024-04-18 10:29:06.863] [jointLog] [info] Index contained 6,167 targets
[2024-04-18 10:29:06.864] [jointLog] [info] Number of decoys : 696
[2024-04-18 10:29:06.864] [jointLog] [info] First decoy index : 5,471 
[2024-04-18 10:29:07.189] [jointLog] [info] Computed 424 rich equivalence classes for further processing
[2024-04-18 10:29:07.189] [jointLog] [info] Counted 1,354 total reads in the equivalence classes 
[2024-04-18 10:29:07.192] [jointLog] [warning] 0.24123% of fragments were shorter than the k used to build the index.
If this fraction is too large, consider re-building the index with a smaller k.
The minimum read size found was 25.


[2024-04-18 10:29:07.192] [jointLog] [info] Number of mappings discarded because of alignment score : 19,506
[2024-04-18 10:29:07.192] [jointLog] [info] Number of fragments entirely discarded because of alignment score : 4,906
[2024-04-18 10:29:07.192] [jointLog] [info] Number of fragments discarded because they are best-mapped to decoys : 2,806
[2024-04-18 10:29:07.192] [jointLog] [info] Number of fragments discarded because they have only dovetail (discordant) mappings to valid targets : 28
[2024-04-18 10:29:07.193] [jointLog] [warning] Only 1354 fragments were mapped, but the number of burn-in fragments was set to 5000000.
The effective lengths have been computed using the observed mappings.

[2024-04-18 10:29:07.193] [jointLog] [info] Mapping rate = 6.8047%

[2024-04-18 10:29:07.193] [jointLog] [info] finished quantifyLibrary()
[2024-04-18 10:29:07.193] [jointLog] [info] Starting optimizer
[2024-04-18 10:29:07.196] [jointLog] [info] Marked 0 weighted equivalence classes as degenerate
[2024-04-18 10:29:07.197] [jointLog] [info] iteration = 0 | max rel diff. = 1.54978
[2024-04-18 10:29:07.238] [jointLog] [info] iteration = 100 | max rel diff. = 4.42652e-05
[2024-04-18 10:29:07.238] [jointLog] [info] Finished optimizer
[2024-04-18 10:29:07.238] [jointLog] [info] writing output 

[2024-04-18 10:29:07.247] [jointLog] [warning] NOTE: Read Lib [[ L2_1.fq.gz.P.qtrim.gz, L2_2.fq.gz.P.qtrim.gz]] :

Detected a *potential* strand bias > 1% in an unstranded protocol check the file: L2_quant/lib_format_counts.json for details

[2024-04-18 10:29:07.190] [fileLog] [info] 
At end of round 0
==================
Observed 19898 total fragments (19898 in most recent round)

