Apr-16 11:59:16.469 [main] DEBUG nextflow.cli.Launcher - $> nextflow run vsgseq2.nf --reads '/Volumes/csce/biology/groups/matthews/goldriev/WT_E*{1,2}.fq.gz' --requestedcpus 2 --cores 4
Apr-16 11:59:16.582 [main] INFO  nextflow.cli.CmdRun - N E X T F L O W  ~  version 23.10.1
Apr-16 11:59:16.599 [main] DEBUG nextflow.plugin.PluginsFacade - Setting up plugin manager > mode=prod; embedded=false; plugins-dir=/Users/goldriev/.nextflow/plugins; core-plugins: nf-amazon@2.1.4,nf-azure@1.3.3,nf-cloudcache@0.3.0,nf-codecommit@0.1.5,nf-console@1.0.6,nf-ga4gh@1.1.0,nf-google@1.8.3,nf-tower@1.6.3,nf-wave@1.0.1
Apr-16 11:59:16.610 [main] INFO  o.pf4j.DefaultPluginStatusProvider - Enabled plugins: []
Apr-16 11:59:16.611 [main] INFO  o.pf4j.DefaultPluginStatusProvider - Disabled plugins: []
Apr-16 11:59:16.615 [main] INFO  org.pf4j.DefaultPluginManager - PF4J version 3.4.1 in 'deployment' mode
Apr-16 11:59:16.625 [main] INFO  org.pf4j.AbstractPluginManager - No plugins
Apr-16 11:59:16.702 [main] DEBUG nextflow.cli.CmdRun - Applied DSL=2 by global default
Apr-16 11:59:16.717 [main] INFO  nextflow.cli.CmdRun - Launching `vsgseq2.nf` [pensive_hamilton] DSL2 - revision: fedf6ffb72
Apr-16 11:59:16.718 [main] DEBUG nextflow.plugin.PluginsFacade - Plugins default=[]
Apr-16 11:59:16.718 [main] DEBUG nextflow.plugin.PluginsFacade - Plugins resolved requirement=[]
Apr-16 11:59:16.726 [main] DEBUG n.secret.LocalSecretsProvider - Secrets store: /Users/goldriev/.nextflow/secrets/store.json
Apr-16 11:59:16.732 [main] DEBUG nextflow.secret.SecretsLoader - Discovered secrets providers: [nextflow.secret.LocalSecretsProvider@58a63629] - activable => nextflow.secret.LocalSecretsProvider@58a63629
Apr-16 11:59:16.782 [main] DEBUG nextflow.Session - Session UUID: d6d58f2e-9048-4fb3-b4bf-732323ba9cae
Apr-16 11:59:16.783 [main] DEBUG nextflow.Session - Run name: pensive_hamilton
Apr-16 11:59:16.784 [main] DEBUG nextflow.Session - Executor pool size: 16
Apr-16 11:59:16.790 [main] DEBUG nextflow.file.FilePorter - File porter settings maxRetries=3; maxTransfers=50; pollTimeout=null
Apr-16 11:59:16.794 [main] DEBUG nextflow.util.ThreadPoolBuilder - Creating thread pool 'FileTransfer' minSize=10; maxSize=48; workQueue=LinkedBlockingQueue[10000]; allowCoreThreadTimeout=false
Apr-16 11:59:16.827 [main] DEBUG nextflow.cli.CmdRun - 
  Version: 23.10.1 build 5891
  Created: 12-01-2024 22:01 UTC (22:01 BST)
  System: Mac OS X 14.4.1
  Runtime: Groovy 3.0.19 on OpenJDK 64-Bit Server VM 11.0.13+7-b1751.21
  Encoding: UTF-8 (UTF-8)
  Process: 84360@sce-bio-c05389.bio.ed.ac.uk [129.215.170.47]
  CPUs: 16 - Mem: 64 GB (5.2 GB) - Swap: 1 GB (934.8 MB)
Apr-16 11:59:16.840 [main] DEBUG nextflow.Session - Work-dir: /Users/goldriev/pkgs/vsgseq2/work [Mac OS X]
Apr-16 11:59:16.841 [main] DEBUG nextflow.Session - Script base path does not exist or is not a directory: /Users/goldriev/pkgs/vsgseq2/bin
Apr-16 11:59:16.850 [main] DEBUG nextflow.executor.ExecutorFactory - Extension executors providers=[]
Apr-16 11:59:16.858 [main] DEBUG nextflow.Session - Observer factory: DefaultObserverFactory
Apr-16 11:59:16.877 [main] DEBUG nextflow.cache.CacheFactory - Using Nextflow cache factory: nextflow.cache.DefaultCacheFactory
Apr-16 11:59:16.886 [main] DEBUG nextflow.util.CustomThreadPool - Creating default thread pool > poolSize: 17; maxThreads: 1000
Apr-16 11:59:16.950 [main] DEBUG nextflow.Session - Session start
Apr-16 11:59:17.941 [main] DEBUG nextflow.script.ScriptRunner - > Launching execution
Apr-16 11:59:17.955 [main] INFO  nextflow.Nextflow - 
|====================|
| V S G S E Q 2 - N F|
|====================|

Apr-16 11:59:18.100 [main] DEBUG nextflow.executor.ExecutorFactory - << taskConfig executor: null
Apr-16 11:59:18.100 [main] DEBUG nextflow.executor.ExecutorFactory - >> processorType: 'local'
Apr-16 11:59:18.105 [main] DEBUG nextflow.executor.Executor - [warm up] executor > local
Apr-16 11:59:18.109 [main] DEBUG n.processor.LocalPollingMonitor - Creating local task monitor for executor 'local' > cpus=16; memory=64 GB; capacity=16; pollInterval=100ms; dumpInterval=5m
Apr-16 11:59:18.111 [main] DEBUG n.processor.TaskPollingMonitor - >>> barrier register (monitor: local)
Apr-16 11:59:18.182 [main] DEBUG nextflow.executor.ExecutorFactory - << taskConfig executor: null
Apr-16 11:59:18.182 [main] DEBUG nextflow.executor.ExecutorFactory - >> processorType: 'local'
Apr-16 11:59:18.186 [main] DEBUG nextflow.executor.ExecutorFactory - << taskConfig executor: null
Apr-16 11:59:18.186 [main] DEBUG nextflow.executor.ExecutorFactory - >> processorType: 'local'
Apr-16 11:59:18.190 [main] DEBUG nextflow.executor.ExecutorFactory - << taskConfig executor: null
Apr-16 11:59:18.190 [main] DEBUG nextflow.executor.ExecutorFactory - >> processorType: 'local'
Apr-16 11:59:18.194 [main] DEBUG nextflow.executor.ExecutorFactory - << taskConfig executor: null
Apr-16 11:59:18.194 [main] DEBUG nextflow.executor.ExecutorFactory - >> processorType: 'local'
Apr-16 11:59:18.203 [main] DEBUG nextflow.executor.ExecutorFactory - << taskConfig executor: null
Apr-16 11:59:18.203 [main] DEBUG nextflow.executor.ExecutorFactory - >> processorType: 'local'
Apr-16 11:59:18.208 [main] DEBUG nextflow.executor.ExecutorFactory - << taskConfig executor: null
Apr-16 11:59:18.208 [main] DEBUG nextflow.executor.ExecutorFactory - >> processorType: 'local'
Apr-16 11:59:18.212 [main] DEBUG nextflow.executor.ExecutorFactory - << taskConfig executor: null
Apr-16 11:59:18.212 [main] DEBUG nextflow.executor.ExecutorFactory - >> processorType: 'local'
Apr-16 11:59:18.219 [main] DEBUG nextflow.executor.ExecutorFactory - << taskConfig executor: null
Apr-16 11:59:18.219 [main] DEBUG nextflow.executor.ExecutorFactory - >> processorType: 'local'
Apr-16 11:59:18.222 [main] DEBUG nextflow.Session - Workflow process names [dsl2]: BLAST_VSG, LONG_ORF, ASSEMBLE, CONCATENATE_VSGS, INDIVIDUAL_CDHIT, CONCATENATED_CDHIT, QUANTIFY, INDEX, BLAST_NOT
Apr-16 11:59:18.222 [main] DEBUG nextflow.Session - Igniting dataflow network (10)
Apr-16 11:59:18.227 [PathVisitor-1] DEBUG nextflow.file.PathVisitor - files for syntax: glob; folder: /Volumes/csce/biology/groups/matthews/goldriev/; pattern: WT_E*{1,2}.fq.gz; options: [checkIfExists:true]
Apr-16 11:59:18.228 [main] DEBUG nextflow.processor.TaskProcessor - Starting process > ASSEMBLE
Apr-16 11:59:18.229 [main] DEBUG nextflow.processor.TaskProcessor - Starting process > LONG_ORF
Apr-16 11:59:18.230 [main] DEBUG nextflow.processor.TaskProcessor - Starting process > BLAST_VSG
Apr-16 11:59:18.230 [main] DEBUG nextflow.processor.TaskProcessor - Starting process > BLAST_NOT
Apr-16 11:59:18.231 [main] DEBUG nextflow.processor.TaskProcessor - Starting process > INDIVIDUAL_CDHIT
Apr-16 11:59:18.232 [main] DEBUG nextflow.processor.TaskProcessor - Starting process > CONCATENATE_VSGS
Apr-16 11:59:18.233 [main] DEBUG nextflow.processor.TaskProcessor - Starting process > CONCATENATED_CDHIT
Apr-16 11:59:18.234 [main] DEBUG nextflow.processor.TaskProcessor - Starting process > INDEX
Apr-16 11:59:18.235 [main] DEBUG nextflow.processor.TaskProcessor - Starting process > QUANTIFY
Apr-16 11:59:18.235 [main] DEBUG nextflow.script.ScriptRunner - Parsed script files:
  Script_cda8feb3539f470c: /Users/goldriev/pkgs/vsgseq2/vsgseq2.nf
Apr-16 11:59:18.236 [main] DEBUG nextflow.script.ScriptRunner - > Awaiting termination 
Apr-16 11:59:18.236 [main] DEBUG nextflow.Session - Session await
Apr-16 11:59:18.449 [Task submitter] DEBUG n.executor.local.LocalTaskHandler - Launch cmd line: /bin/bash -ue .command.run
Apr-16 11:59:18.451 [Task submitter] INFO  nextflow.Session - [31/d8ebdd] Submitted process > ASSEMBLE (ASSEMBLE on WT_E2)
Apr-16 11:59:18.474 [Task submitter] DEBUG n.executor.local.LocalTaskHandler - Launch cmd line: /bin/bash -ue .command.run
Apr-16 11:59:18.474 [Task submitter] INFO  nextflow.Session - [28/407a22] Submitted process > ASSEMBLE (ASSEMBLE on WT_E4)
Apr-16 11:59:18.479 [Task submitter] DEBUG n.executor.local.LocalTaskHandler - Launch cmd line: /bin/bash -ue .command.run
Apr-16 11:59:18.479 [Task submitter] INFO  nextflow.Session - [1b/18650c] Submitted process > ASSEMBLE (ASSEMBLE on WT_E8)
Apr-16 11:59:18.484 [Task submitter] DEBUG n.executor.local.LocalTaskHandler - Launch cmd line: /bin/bash -ue .command.run
Apr-16 11:59:18.484 [Task submitter] INFO  nextflow.Session - [69/a84ff7] Submitted process > ASSEMBLE (ASSEMBLE on WT_E1)
Apr-16 11:59:18.490 [Task submitter] DEBUG n.executor.local.LocalTaskHandler - Launch cmd line: /bin/bash -ue .command.run
Apr-16 11:59:18.491 [Task submitter] INFO  nextflow.Session - [44/0dca08] Submitted process > ASSEMBLE (ASSEMBLE on WT_E7)
Apr-16 11:59:18.497 [Task submitter] DEBUG n.executor.local.LocalTaskHandler - Launch cmd line: /bin/bash -ue .command.run
Apr-16 11:59:18.498 [Task submitter] INFO  nextflow.Session - [25/61018b] Submitted process > ASSEMBLE (ASSEMBLE on WT_E5)
Apr-16 11:59:18.503 [Task submitter] DEBUG n.executor.local.LocalTaskHandler - Launch cmd line: /bin/bash -ue .command.run
Apr-16 11:59:18.503 [Task submitter] INFO  nextflow.Session - [03/89a05c] Submitted process > ASSEMBLE (ASSEMBLE on WT_E6)
Apr-16 11:59:18.511 [Task submitter] DEBUG n.executor.local.LocalTaskHandler - Launch cmd line: /bin/bash -ue .command.run
Apr-16 11:59:18.512 [Task submitter] INFO  nextflow.Session - [02/7104b6] Submitted process > ASSEMBLE (ASSEMBLE on WT_E3)
Apr-16 12:04:18.321 [Task monitor] DEBUG n.processor.TaskPollingMonitor - !! executor local > tasks to be completed: 8 -- submitted tasks are shown below
~> TaskHandler[id: 5; name: ASSEMBLE (ASSEMBLE on WT_E2); status: RUNNING; exit: -; error: -; workDir: /Users/goldriev/pkgs/vsgseq2/work/31/d8ebdd72c88b42c7dd512b66406122]
~> TaskHandler[id: 4; name: ASSEMBLE (ASSEMBLE on WT_E4); status: RUNNING; exit: -; error: -; workDir: /Users/goldriev/pkgs/vsgseq2/work/28/407a225a41a92421fcbe1b9a239f99]
~> TaskHandler[id: 3; name: ASSEMBLE (ASSEMBLE on WT_E8); status: RUNNING; exit: -; error: -; workDir: /Users/goldriev/pkgs/vsgseq2/work/1b/18650c571c4258c9baa197e7742c6e]
~> TaskHandler[id: 7; name: ASSEMBLE (ASSEMBLE on WT_E1); status: RUNNING; exit: -; error: -; workDir: /Users/goldriev/pkgs/vsgseq2/work/69/a84ff7518720ca825f2ee0b9489b25]
~> TaskHandler[id: 1; name: ASSEMBLE (ASSEMBLE on WT_E7); status: RUNNING; exit: -; error: -; workDir: /Users/goldriev/pkgs/vsgseq2/work/44/0dca08000d2f0a7475d619e8cd9c32]
~> TaskHandler[id: 2; name: ASSEMBLE (ASSEMBLE on WT_E5); status: RUNNING; exit: -; error: -; workDir: /Users/goldriev/pkgs/vsgseq2/work/25/61018b0f9c258d3913cdbb9de6afc6]
~> TaskHandler[id: 8; name: ASSEMBLE (ASSEMBLE on WT_E6); status: RUNNING; exit: -; error: -; workDir: /Users/goldriev/pkgs/vsgseq2/work/03/89a05c782fbc39324bcb6f35e5199e]
~> TaskHandler[id: 6; name: ASSEMBLE (ASSEMBLE on WT_E3); status: RUNNING; exit: -; error: -; workDir: /Users/goldriev/pkgs/vsgseq2/work/02/7104b6d632fb974fb1a6ac5a3ae574]
Apr-16 12:09:18.392 [Task monitor] DEBUG n.processor.TaskPollingMonitor - !! executor local > tasks to be completed: 8 -- submitted tasks are shown below
~> TaskHandler[id: 5; name: ASSEMBLE (ASSEMBLE on WT_E2); status: RUNNING; exit: -; error: -; workDir: /Users/goldriev/pkgs/vsgseq2/work/31/d8ebdd72c88b42c7dd512b66406122]
~> TaskHandler[id: 4; name: ASSEMBLE (ASSEMBLE on WT_E4); status: RUNNING; exit: -; error: -; workDir: /Users/goldriev/pkgs/vsgseq2/work/28/407a225a41a92421fcbe1b9a239f99]
~> TaskHandler[id: 3; name: ASSEMBLE (ASSEMBLE on WT_E8); status: RUNNING; exit: -; error: -; workDir: /Users/goldriev/pkgs/vsgseq2/work/1b/18650c571c4258c9baa197e7742c6e]
~> TaskHandler[id: 7; name: ASSEMBLE (ASSEMBLE on WT_E1); status: RUNNING; exit: -; error: -; workDir: /Users/goldriev/pkgs/vsgseq2/work/69/a84ff7518720ca825f2ee0b9489b25]
~> TaskHandler[id: 1; name: ASSEMBLE (ASSEMBLE on WT_E7); status: RUNNING; exit: -; error: -; workDir: /Users/goldriev/pkgs/vsgseq2/work/44/0dca08000d2f0a7475d619e8cd9c32]
~> TaskHandler[id: 2; name: ASSEMBLE (ASSEMBLE on WT_E5); status: RUNNING; exit: -; error: -; workDir: /Users/goldriev/pkgs/vsgseq2/work/25/61018b0f9c258d3913cdbb9de6afc6]
~> TaskHandler[id: 8; name: ASSEMBLE (ASSEMBLE on WT_E6); status: RUNNING; exit: -; error: -; workDir: /Users/goldriev/pkgs/vsgseq2/work/03/89a05c782fbc39324bcb6f35e5199e]
~> TaskHandler[id: 6; name: ASSEMBLE (ASSEMBLE on WT_E3); status: RUNNING; exit: -; error: -; workDir: /Users/goldriev/pkgs/vsgseq2/work/02/7104b6d632fb974fb1a6ac5a3ae574]
Apr-16 12:14:18.490 [Task monitor] DEBUG n.processor.TaskPollingMonitor - !! executor local > tasks to be completed: 8 -- submitted tasks are shown below
~> TaskHandler[id: 5; name: ASSEMBLE (ASSEMBLE on WT_E2); status: RUNNING; exit: -; error: -; workDir: /Users/goldriev/pkgs/vsgseq2/work/31/d8ebdd72c88b42c7dd512b66406122]
~> TaskHandler[id: 4; name: ASSEMBLE (ASSEMBLE on WT_E4); status: RUNNING; exit: -; error: -; workDir: /Users/goldriev/pkgs/vsgseq2/work/28/407a225a41a92421fcbe1b9a239f99]
~> TaskHandler[id: 3; name: ASSEMBLE (ASSEMBLE on WT_E8); status: RUNNING; exit: -; error: -; workDir: /Users/goldriev/pkgs/vsgseq2/work/1b/18650c571c4258c9baa197e7742c6e]
~> TaskHandler[id: 7; name: ASSEMBLE (ASSEMBLE on WT_E1); status: RUNNING; exit: -; error: -; workDir: /Users/goldriev/pkgs/vsgseq2/work/69/a84ff7518720ca825f2ee0b9489b25]
~> TaskHandler[id: 1; name: ASSEMBLE (ASSEMBLE on WT_E7); status: RUNNING; exit: -; error: -; workDir: /Users/goldriev/pkgs/vsgseq2/work/44/0dca08000d2f0a7475d619e8cd9c32]
~> TaskHandler[id: 2; name: ASSEMBLE (ASSEMBLE on WT_E5); status: RUNNING; exit: -; error: -; workDir: /Users/goldriev/pkgs/vsgseq2/work/25/61018b0f9c258d3913cdbb9de6afc6]
~> TaskHandler[id: 8; name: ASSEMBLE (ASSEMBLE on WT_E6); status: RUNNING; exit: -; error: -; workDir: /Users/goldriev/pkgs/vsgseq2/work/03/89a05c782fbc39324bcb6f35e5199e]
~> TaskHandler[id: 6; name: ASSEMBLE (ASSEMBLE on WT_E3); status: RUNNING; exit: -; error: -; workDir: /Users/goldriev/pkgs/vsgseq2/work/02/7104b6d632fb974fb1a6ac5a3ae574]
Apr-16 12:19:18.613 [Task monitor] DEBUG n.processor.TaskPollingMonitor - !! executor local > tasks to be completed: 8 -- submitted tasks are shown below
~> TaskHandler[id: 5; name: ASSEMBLE (ASSEMBLE on WT_E2); status: RUNNING; exit: -; error: -; workDir: /Users/goldriev/pkgs/vsgseq2/work/31/d8ebdd72c88b42c7dd512b66406122]
~> TaskHandler[id: 4; name: ASSEMBLE (ASSEMBLE on WT_E4); status: RUNNING; exit: -; error: -; workDir: /Users/goldriev/pkgs/vsgseq2/work/28/407a225a41a92421fcbe1b9a239f99]
~> TaskHandler[id: 3; name: ASSEMBLE (ASSEMBLE on WT_E8); status: RUNNING; exit: -; error: -; workDir: /Users/goldriev/pkgs/vsgseq2/work/1b/18650c571c4258c9baa197e7742c6e]
~> TaskHandler[id: 7; name: ASSEMBLE (ASSEMBLE on WT_E1); status: RUNNING; exit: -; error: -; workDir: /Users/goldriev/pkgs/vsgseq2/work/69/a84ff7518720ca825f2ee0b9489b25]
~> TaskHandler[id: 1; name: ASSEMBLE (ASSEMBLE on WT_E7); status: RUNNING; exit: -; error: -; workDir: /Users/goldriev/pkgs/vsgseq2/work/44/0dca08000d2f0a7475d619e8cd9c32]
~> TaskHandler[id: 2; name: ASSEMBLE (ASSEMBLE on WT_E5); status: RUNNING; exit: -; error: -; workDir: /Users/goldriev/pkgs/vsgseq2/work/25/61018b0f9c258d3913cdbb9de6afc6]
~> TaskHandler[id: 8; name: ASSEMBLE (ASSEMBLE on WT_E6); status: RUNNING; exit: -; error: -; workDir: /Users/goldriev/pkgs/vsgseq2/work/03/89a05c782fbc39324bcb6f35e5199e]
~> TaskHandler[id: 6; name: ASSEMBLE (ASSEMBLE on WT_E3); status: RUNNING; exit: -; error: -; workDir: /Users/goldriev/pkgs/vsgseq2/work/02/7104b6d632fb974fb1a6ac5a3ae574]
Apr-16 12:24:18.694 [Task monitor] DEBUG n.processor.TaskPollingMonitor - !! executor local > tasks to be completed: 8 -- submitted tasks are shown below
~> TaskHandler[id: 5; name: ASSEMBLE (ASSEMBLE on WT_E2); status: RUNNING; exit: -; error: -; workDir: /Users/goldriev/pkgs/vsgseq2/work/31/d8ebdd72c88b42c7dd512b66406122]
~> TaskHandler[id: 4; name: ASSEMBLE (ASSEMBLE on WT_E4); status: RUNNING; exit: -; error: -; workDir: /Users/goldriev/pkgs/vsgseq2/work/28/407a225a41a92421fcbe1b9a239f99]
~> TaskHandler[id: 3; name: ASSEMBLE (ASSEMBLE on WT_E8); status: RUNNING; exit: -; error: -; workDir: /Users/goldriev/pkgs/vsgseq2/work/1b/18650c571c4258c9baa197e7742c6e]
~> TaskHandler[id: 7; name: ASSEMBLE (ASSEMBLE on WT_E1); status: RUNNING; exit: -; error: -; workDir: /Users/goldriev/pkgs/vsgseq2/work/69/a84ff7518720ca825f2ee0b9489b25]
~> TaskHandler[id: 1; name: ASSEMBLE (ASSEMBLE on WT_E7); status: RUNNING; exit: -; error: -; workDir: /Users/goldriev/pkgs/vsgseq2/work/44/0dca08000d2f0a7475d619e8cd9c32]
~> TaskHandler[id: 2; name: ASSEMBLE (ASSEMBLE on WT_E5); status: RUNNING; exit: -; error: -; workDir: /Users/goldriev/pkgs/vsgseq2/work/25/61018b0f9c258d3913cdbb9de6afc6]
~> TaskHandler[id: 8; name: ASSEMBLE (ASSEMBLE on WT_E6); status: RUNNING; exit: -; error: -; workDir: /Users/goldriev/pkgs/vsgseq2/work/03/89a05c782fbc39324bcb6f35e5199e]
~> TaskHandler[id: 6; name: ASSEMBLE (ASSEMBLE on WT_E3); status: RUNNING; exit: -; error: -; workDir: /Users/goldriev/pkgs/vsgseq2/work/02/7104b6d632fb974fb1a6ac5a3ae574]
Apr-16 12:29:18.775 [Task monitor] DEBUG n.processor.TaskPollingMonitor - !! executor local > tasks to be completed: 8 -- submitted tasks are shown below
~> TaskHandler[id: 5; name: ASSEMBLE (ASSEMBLE on WT_E2); status: RUNNING; exit: -; error: -; workDir: /Users/goldriev/pkgs/vsgseq2/work/31/d8ebdd72c88b42c7dd512b66406122]
~> TaskHandler[id: 4; name: ASSEMBLE (ASSEMBLE on WT_E4); status: RUNNING; exit: -; error: -; workDir: /Users/goldriev/pkgs/vsgseq2/work/28/407a225a41a92421fcbe1b9a239f99]
~> TaskHandler[id: 3; name: ASSEMBLE (ASSEMBLE on WT_E8); status: RUNNING; exit: -; error: -; workDir: /Users/goldriev/pkgs/vsgseq2/work/1b/18650c571c4258c9baa197e7742c6e]
~> TaskHandler[id: 7; name: ASSEMBLE (ASSEMBLE on WT_E1); status: RUNNING; exit: -; error: -; workDir: /Users/goldriev/pkgs/vsgseq2/work/69/a84ff7518720ca825f2ee0b9489b25]
~> TaskHandler[id: 1; name: ASSEMBLE (ASSEMBLE on WT_E7); status: RUNNING; exit: -; error: -; workDir: /Users/goldriev/pkgs/vsgseq2/work/44/0dca08000d2f0a7475d619e8cd9c32]
~> TaskHandler[id: 2; name: ASSEMBLE (ASSEMBLE on WT_E5); status: RUNNING; exit: -; error: -; workDir: /Users/goldriev/pkgs/vsgseq2/work/25/61018b0f9c258d3913cdbb9de6afc6]
~> TaskHandler[id: 8; name: ASSEMBLE (ASSEMBLE on WT_E6); status: RUNNING; exit: -; error: -; workDir: /Users/goldriev/pkgs/vsgseq2/work/03/89a05c782fbc39324bcb6f35e5199e]
~> TaskHandler[id: 6; name: ASSEMBLE (ASSEMBLE on WT_E3); status: RUNNING; exit: -; error: -; workDir: /Users/goldriev/pkgs/vsgseq2/work/02/7104b6d632fb974fb1a6ac5a3ae574]
Apr-16 12:34:18.852 [Task monitor] DEBUG n.processor.TaskPollingMonitor - !! executor local > tasks to be completed: 8 -- submitted tasks are shown below
~> TaskHandler[id: 5; name: ASSEMBLE (ASSEMBLE on WT_E2); status: RUNNING; exit: -; error: -; workDir: /Users/goldriev/pkgs/vsgseq2/work/31/d8ebdd72c88b42c7dd512b66406122]
~> TaskHandler[id: 4; name: ASSEMBLE (ASSEMBLE on WT_E4); status: RUNNING; exit: -; error: -; workDir: /Users/goldriev/pkgs/vsgseq2/work/28/407a225a41a92421fcbe1b9a239f99]
~> TaskHandler[id: 3; name: ASSEMBLE (ASSEMBLE on WT_E8); status: RUNNING; exit: -; error: -; workDir: /Users/goldriev/pkgs/vsgseq2/work/1b/18650c571c4258c9baa197e7742c6e]
~> TaskHandler[id: 7; name: ASSEMBLE (ASSEMBLE on WT_E1); status: RUNNING; exit: -; error: -; workDir: /Users/goldriev/pkgs/vsgseq2/work/69/a84ff7518720ca825f2ee0b9489b25]
~> TaskHandler[id: 1; name: ASSEMBLE (ASSEMBLE on WT_E7); status: RUNNING; exit: -; error: -; workDir: /Users/goldriev/pkgs/vsgseq2/work/44/0dca08000d2f0a7475d619e8cd9c32]
~> TaskHandler[id: 2; name: ASSEMBLE (ASSEMBLE on WT_E5); status: RUNNING; exit: -; error: -; workDir: /Users/goldriev/pkgs/vsgseq2/work/25/61018b0f9c258d3913cdbb9de6afc6]
~> TaskHandler[id: 8; name: ASSEMBLE (ASSEMBLE on WT_E6); status: RUNNING; exit: -; error: -; workDir: /Users/goldriev/pkgs/vsgseq2/work/03/89a05c782fbc39324bcb6f35e5199e]
~> TaskHandler[id: 6; name: ASSEMBLE (ASSEMBLE on WT_E3); status: RUNNING; exit: -; error: -; workDir: /Users/goldriev/pkgs/vsgseq2/work/02/7104b6d632fb974fb1a6ac5a3ae574]
Apr-16 12:39:18.985 [Task monitor] DEBUG n.processor.TaskPollingMonitor - !! executor local > tasks to be completed: 8 -- submitted tasks are shown below
~> TaskHandler[id: 5; name: ASSEMBLE (ASSEMBLE on WT_E2); status: RUNNING; exit: -; error: -; workDir: /Users/goldriev/pkgs/vsgseq2/work/31/d8ebdd72c88b42c7dd512b66406122]
~> TaskHandler[id: 4; name: ASSEMBLE (ASSEMBLE on WT_E4); status: RUNNING; exit: -; error: -; workDir: /Users/goldriev/pkgs/vsgseq2/work/28/407a225a41a92421fcbe1b9a239f99]
~> TaskHandler[id: 3; name: ASSEMBLE (ASSEMBLE on WT_E8); status: RUNNING; exit: -; error: -; workDir: /Users/goldriev/pkgs/vsgseq2/work/1b/18650c571c4258c9baa197e7742c6e]
~> TaskHandler[id: 7; name: ASSEMBLE (ASSEMBLE on WT_E1); status: RUNNING; exit: -; error: -; workDir: /Users/goldriev/pkgs/vsgseq2/work/69/a84ff7518720ca825f2ee0b9489b25]
~> TaskHandler[id: 1; name: ASSEMBLE (ASSEMBLE on WT_E7); status: RUNNING; exit: -; error: -; workDir: /Users/goldriev/pkgs/vsgseq2/work/44/0dca08000d2f0a7475d619e8cd9c32]
~> TaskHandler[id: 2; name: ASSEMBLE (ASSEMBLE on WT_E5); status: RUNNING; exit: -; error: -; workDir: /Users/goldriev/pkgs/vsgseq2/work/25/61018b0f9c258d3913cdbb9de6afc6]
~> TaskHandler[id: 8; name: ASSEMBLE (ASSEMBLE on WT_E6); status: RUNNING; exit: -; error: -; workDir: /Users/goldriev/pkgs/vsgseq2/work/03/89a05c782fbc39324bcb6f35e5199e]
~> TaskHandler[id: 6; name: ASSEMBLE (ASSEMBLE on WT_E3); status: RUNNING; exit: -; error: -; workDir: /Users/goldriev/pkgs/vsgseq2/work/02/7104b6d632fb974fb1a6ac5a3ae574]
Apr-16 12:44:18.932 [Task monitor] DEBUG n.processor.TaskPollingMonitor - !! executor local > tasks to be completed: 8 -- submitted tasks are shown below
~> TaskHandler[id: 5; name: ASSEMBLE (ASSEMBLE on WT_E2); status: RUNNING; exit: -; error: -; workDir: /Users/goldriev/pkgs/vsgseq2/work/31/d8ebdd72c88b42c7dd512b66406122]
~> TaskHandler[id: 4; name: ASSEMBLE (ASSEMBLE on WT_E4); status: RUNNING; exit: -; error: -; workDir: /Users/goldriev/pkgs/vsgseq2/work/28/407a225a41a92421fcbe1b9a239f99]
~> TaskHandler[id: 3; name: ASSEMBLE (ASSEMBLE on WT_E8); status: RUNNING; exit: -; error: -; workDir: /Users/goldriev/pkgs/vsgseq2/work/1b/18650c571c4258c9baa197e7742c6e]
~> TaskHandler[id: 7; name: ASSEMBLE (ASSEMBLE on WT_E1); status: RUNNING; exit: -; error: -; workDir: /Users/goldriev/pkgs/vsgseq2/work/69/a84ff7518720ca825f2ee0b9489b25]
~> TaskHandler[id: 1; name: ASSEMBLE (ASSEMBLE on WT_E7); status: RUNNING; exit: -; error: -; workDir: /Users/goldriev/pkgs/vsgseq2/work/44/0dca08000d2f0a7475d619e8cd9c32]
~> TaskHandler[id: 2; name: ASSEMBLE (ASSEMBLE on WT_E5); status: RUNNING; exit: -; error: -; workDir: /Users/goldriev/pkgs/vsgseq2/work/25/61018b0f9c258d3913cdbb9de6afc6]
~> TaskHandler[id: 8; name: ASSEMBLE (ASSEMBLE on WT_E6); status: RUNNING; exit: -; error: -; workDir: /Users/goldriev/pkgs/vsgseq2/work/03/89a05c782fbc39324bcb6f35e5199e]
~> TaskHandler[id: 6; name: ASSEMBLE (ASSEMBLE on WT_E3); status: RUNNING; exit: -; error: -; workDir: /Users/goldriev/pkgs/vsgseq2/work/02/7104b6d632fb974fb1a6ac5a3ae574]
Apr-16 12:49:18.997 [Task monitor] DEBUG n.processor.TaskPollingMonitor - !! executor local > tasks to be completed: 8 -- submitted tasks are shown below
~> TaskHandler[id: 5; name: ASSEMBLE (ASSEMBLE on WT_E2); status: RUNNING; exit: -; error: -; workDir: /Users/goldriev/pkgs/vsgseq2/work/31/d8ebdd72c88b42c7dd512b66406122]
~> TaskHandler[id: 4; name: ASSEMBLE (ASSEMBLE on WT_E4); status: RUNNING; exit: -; error: -; workDir: /Users/goldriev/pkgs/vsgseq2/work/28/407a225a41a92421fcbe1b9a239f99]
~> TaskHandler[id: 3; name: ASSEMBLE (ASSEMBLE on WT_E8); status: RUNNING; exit: -; error: -; workDir: /Users/goldriev/pkgs/vsgseq2/work/1b/18650c571c4258c9baa197e7742c6e]
~> TaskHandler[id: 7; name: ASSEMBLE (ASSEMBLE on WT_E1); status: RUNNING; exit: -; error: -; workDir: /Users/goldriev/pkgs/vsgseq2/work/69/a84ff7518720ca825f2ee0b9489b25]
~> TaskHandler[id: 1; name: ASSEMBLE (ASSEMBLE on WT_E7); status: RUNNING; exit: -; error: -; workDir: /Users/goldriev/pkgs/vsgseq2/work/44/0dca08000d2f0a7475d619e8cd9c32]
~> TaskHandler[id: 2; name: ASSEMBLE (ASSEMBLE on WT_E5); status: RUNNING; exit: -; error: -; workDir: /Users/goldriev/pkgs/vsgseq2/work/25/61018b0f9c258d3913cdbb9de6afc6]
~> TaskHandler[id: 8; name: ASSEMBLE (ASSEMBLE on WT_E6); status: RUNNING; exit: -; error: -; workDir: /Users/goldriev/pkgs/vsgseq2/work/03/89a05c782fbc39324bcb6f35e5199e]
~> TaskHandler[id: 6; name: ASSEMBLE (ASSEMBLE on WT_E3); status: RUNNING; exit: -; error: -; workDir: /Users/goldriev/pkgs/vsgseq2/work/02/7104b6d632fb974fb1a6ac5a3ae574]
Apr-16 12:54:18.997 [Task monitor] DEBUG n.processor.TaskPollingMonitor - !! executor local > tasks to be completed: 8 -- submitted tasks are shown below
~> TaskHandler[id: 5; name: ASSEMBLE (ASSEMBLE on WT_E2); status: RUNNING; exit: -; error: -; workDir: /Users/goldriev/pkgs/vsgseq2/work/31/d8ebdd72c88b42c7dd512b66406122]
~> TaskHandler[id: 4; name: ASSEMBLE (ASSEMBLE on WT_E4); status: RUNNING; exit: -; error: -; workDir: /Users/goldriev/pkgs/vsgseq2/work/28/407a225a41a92421fcbe1b9a239f99]
~> TaskHandler[id: 3; name: ASSEMBLE (ASSEMBLE on WT_E8); status: RUNNING; exit: -; error: -; workDir: /Users/goldriev/pkgs/vsgseq2/work/1b/18650c571c4258c9baa197e7742c6e]
~> TaskHandler[id: 7; name: ASSEMBLE (ASSEMBLE on WT_E1); status: RUNNING; exit: -; error: -; workDir: /Users/goldriev/pkgs/vsgseq2/work/69/a84ff7518720ca825f2ee0b9489b25]
~> TaskHandler[id: 1; name: ASSEMBLE (ASSEMBLE on WT_E7); status: RUNNING; exit: -; error: -; workDir: /Users/goldriev/pkgs/vsgseq2/work/44/0dca08000d2f0a7475d619e8cd9c32]
~> TaskHandler[id: 2; name: ASSEMBLE (ASSEMBLE on WT_E5); status: RUNNING; exit: -; error: -; workDir: /Users/goldriev/pkgs/vsgseq2/work/25/61018b0f9c258d3913cdbb9de6afc6]
~> TaskHandler[id: 8; name: ASSEMBLE (ASSEMBLE on WT_E6); status: RUNNING; exit: -; error: -; workDir: /Users/goldriev/pkgs/vsgseq2/work/03/89a05c782fbc39324bcb6f35e5199e]
~> TaskHandler[id: 6; name: ASSEMBLE (ASSEMBLE on WT_E3); status: RUNNING; exit: -; error: -; workDir: /Users/goldriev/pkgs/vsgseq2/work/02/7104b6d632fb974fb1a6ac5a3ae574]
Apr-16 12:59:19.050 [Task monitor] DEBUG n.processor.TaskPollingMonitor - !! executor local > tasks to be completed: 8 -- submitted tasks are shown below
~> TaskHandler[id: 5; name: ASSEMBLE (ASSEMBLE on WT_E2); status: RUNNING; exit: -; error: -; workDir: /Users/goldriev/pkgs/vsgseq2/work/31/d8ebdd72c88b42c7dd512b66406122]
~> TaskHandler[id: 4; name: ASSEMBLE (ASSEMBLE on WT_E4); status: RUNNING; exit: -; error: -; workDir: /Users/goldriev/pkgs/vsgseq2/work/28/407a225a41a92421fcbe1b9a239f99]
~> TaskHandler[id: 3; name: ASSEMBLE (ASSEMBLE on WT_E8); status: RUNNING; exit: -; error: -; workDir: /Users/goldriev/pkgs/vsgseq2/work/1b/18650c571c4258c9baa197e7742c6e]
~> TaskHandler[id: 7; name: ASSEMBLE (ASSEMBLE on WT_E1); status: RUNNING; exit: -; error: -; workDir: /Users/goldriev/pkgs/vsgseq2/work/69/a84ff7518720ca825f2ee0b9489b25]
~> TaskHandler[id: 1; name: ASSEMBLE (ASSEMBLE on WT_E7); status: RUNNING; exit: -; error: -; workDir: /Users/goldriev/pkgs/vsgseq2/work/44/0dca08000d2f0a7475d619e8cd9c32]
~> TaskHandler[id: 2; name: ASSEMBLE (ASSEMBLE on WT_E5); status: RUNNING; exit: -; error: -; workDir: /Users/goldriev/pkgs/vsgseq2/work/25/61018b0f9c258d3913cdbb9de6afc6]
~> TaskHandler[id: 8; name: ASSEMBLE (ASSEMBLE on WT_E6); status: RUNNING; exit: -; error: -; workDir: /Users/goldriev/pkgs/vsgseq2/work/03/89a05c782fbc39324bcb6f35e5199e]
~> TaskHandler[id: 6; name: ASSEMBLE (ASSEMBLE on WT_E3); status: RUNNING; exit: -; error: -; workDir: /Users/goldriev/pkgs/vsgseq2/work/02/7104b6d632fb974fb1a6ac5a3ae574]
Apr-16 13:04:19.085 [Task monitor] DEBUG n.processor.TaskPollingMonitor - !! executor local > tasks to be completed: 8 -- submitted tasks are shown below
~> TaskHandler[id: 5; name: ASSEMBLE (ASSEMBLE on WT_E2); status: RUNNING; exit: -; error: -; workDir: /Users/goldriev/pkgs/vsgseq2/work/31/d8ebdd72c88b42c7dd512b66406122]
~> TaskHandler[id: 4; name: ASSEMBLE (ASSEMBLE on WT_E4); status: RUNNING; exit: -; error: -; workDir: /Users/goldriev/pkgs/vsgseq2/work/28/407a225a41a92421fcbe1b9a239f99]
~> TaskHandler[id: 3; name: ASSEMBLE (ASSEMBLE on WT_E8); status: RUNNING; exit: -; error: -; workDir: /Users/goldriev/pkgs/vsgseq2/work/1b/18650c571c4258c9baa197e7742c6e]
~> TaskHandler[id: 7; name: ASSEMBLE (ASSEMBLE on WT_E1); status: RUNNING; exit: -; error: -; workDir: /Users/goldriev/pkgs/vsgseq2/work/69/a84ff7518720ca825f2ee0b9489b25]
~> TaskHandler[id: 1; name: ASSEMBLE (ASSEMBLE on WT_E7); status: RUNNING; exit: -; error: -; workDir: /Users/goldriev/pkgs/vsgseq2/work/44/0dca08000d2f0a7475d619e8cd9c32]
~> TaskHandler[id: 2; name: ASSEMBLE (ASSEMBLE on WT_E5); status: RUNNING; exit: -; error: -; workDir: /Users/goldriev/pkgs/vsgseq2/work/25/61018b0f9c258d3913cdbb9de6afc6]
~> TaskHandler[id: 8; name: ASSEMBLE (ASSEMBLE on WT_E6); status: RUNNING; exit: -; error: -; workDir: /Users/goldriev/pkgs/vsgseq2/work/03/89a05c782fbc39324bcb6f35e5199e]
~> TaskHandler[id: 6; name: ASSEMBLE (ASSEMBLE on WT_E3); status: RUNNING; exit: -; error: -; workDir: /Users/goldriev/pkgs/vsgseq2/work/02/7104b6d632fb974fb1a6ac5a3ae574]
Apr-16 13:09:19.123 [Task monitor] DEBUG n.processor.TaskPollingMonitor - !! executor local > tasks to be completed: 8 -- submitted tasks are shown below
~> TaskHandler[id: 5; name: ASSEMBLE (ASSEMBLE on WT_E2); status: RUNNING; exit: -; error: -; workDir: /Users/goldriev/pkgs/vsgseq2/work/31/d8ebdd72c88b42c7dd512b66406122]
~> TaskHandler[id: 4; name: ASSEMBLE (ASSEMBLE on WT_E4); status: RUNNING; exit: -; error: -; workDir: /Users/goldriev/pkgs/vsgseq2/work/28/407a225a41a92421fcbe1b9a239f99]
~> TaskHandler[id: 3; name: ASSEMBLE (ASSEMBLE on WT_E8); status: RUNNING; exit: -; error: -; workDir: /Users/goldriev/pkgs/vsgseq2/work/1b/18650c571c4258c9baa197e7742c6e]
~> TaskHandler[id: 7; name: ASSEMBLE (ASSEMBLE on WT_E1); status: RUNNING; exit: -; error: -; workDir: /Users/goldriev/pkgs/vsgseq2/work/69/a84ff7518720ca825f2ee0b9489b25]
~> TaskHandler[id: 1; name: ASSEMBLE (ASSEMBLE on WT_E7); status: RUNNING; exit: -; error: -; workDir: /Users/goldriev/pkgs/vsgseq2/work/44/0dca08000d2f0a7475d619e8cd9c32]
~> TaskHandler[id: 2; name: ASSEMBLE (ASSEMBLE on WT_E5); status: RUNNING; exit: -; error: -; workDir: /Users/goldriev/pkgs/vsgseq2/work/25/61018b0f9c258d3913cdbb9de6afc6]
~> TaskHandler[id: 8; name: ASSEMBLE (ASSEMBLE on WT_E6); status: RUNNING; exit: -; error: -; workDir: /Users/goldriev/pkgs/vsgseq2/work/03/89a05c782fbc39324bcb6f35e5199e]
~> TaskHandler[id: 6; name: ASSEMBLE (ASSEMBLE on WT_E3); status: RUNNING; exit: -; error: -; workDir: /Users/goldriev/pkgs/vsgseq2/work/02/7104b6d632fb974fb1a6ac5a3ae574]
