[2024-04-17 10:25:29.868] [puff::index::jointLog] [info] Running fixFasta
[2024-04-17 10:25:29.879] [puff::index::jointLog] [info] Replaced 0 non-ATCG nucleotides
[2024-04-17 10:25:29.879] [puff::index::jointLog] [info] Clipped poly-A tails from 0 transcripts
[2024-04-17 10:25:29.881] [puff::index::jointLog] [info] Filter size not provided; estimating from number of distinct k-mers
[2024-04-17 10:25:29.896] [puff::index::jointLog] [info] ntHll estimated 237335 distinct k-mers, setting filter size to 2^22
[2024-04-17 10:25:30.021] [puff::index::jointLog] [info] Starting the Pufferfish indexing by reading the GFA binary file.
[2024-04-17 10:25:30.021] [puff::index::jointLog] [info] Setting the index/BinaryGfa directory index
[2024-04-17 10:25:30.026] [puff::index::jointLog] [info] Done wrapping the rank vector with a rank9sel structure.
[2024-04-17 10:25:30.026] [puff::index::jointLog] [info] contig count for validation: 1,473
[2024-04-17 10:25:30.028] [puff::index::jointLog] [info] Total # of Contigs : 1,473
[2024-04-17 10:25:30.028] [puff::index::jointLog] [info] Total # of numerical Contigs : 1,473
[2024-04-17 10:25:30.028] [puff::index::jointLog] [info] Total # of contig vec entries: 4,674
[2024-04-17 10:25:30.028] [puff::index::jointLog] [info] bits per offset entry 13
[2024-04-17 10:25:30.028] [puff::index::jointLog] [info] Done constructing the contig vector. 1474
[2024-04-17 10:25:30.029] [puff::index::jointLog] [info] # segments = 1,473
[2024-04-17 10:25:30.029] [puff::index::jointLog] [info] total length = 318,146
[2024-04-17 10:25:30.029] [puff::index::jointLog] [info] Reading the reference files ...
[2024-04-17 10:25:30.032] [puff::index::jointLog] [info] positional integer width = 19
[2024-04-17 10:25:30.032] [puff::index::jointLog] [info] seqSize = 318,146
[2024-04-17 10:25:30.032] [puff::index::jointLog] [info] rankSize = 318,146
[2024-04-17 10:25:30.032] [puff::index::jointLog] [info] edgeVecSize = 0
[2024-04-17 10:25:30.032] [puff::index::jointLog] [info] num keys = 273,956
[2024-04-17 10:25:30.087] [puff::index::jointLog] [info] mphf size = 0.171814 MB
[2024-04-17 10:25:30.087] [puff::index::jointLog] [info] chunk size = 159,073
[2024-04-17 10:25:30.087] [puff::index::jointLog] [info] chunk 0 = [0, 159,073)
[2024-04-17 10:25:30.087] [puff::index::jointLog] [info] chunk 1 = [159,073, 318,116)
[2024-04-17 10:25:30.095] [puff::index::jointLog] [info] finished populating pos vector
[2024-04-17 10:25:30.095] [puff::index::jointLog] [info] writing index components
[2024-04-17 10:25:30.098] [puff::index::jointLog] [info] finished writing dense pufferfish index
