[2024-04-18 10:29:06.227] [jointLog] [info] setting maxHashResizeThreads to 4
[2024-04-18 10:29:06.227] [jointLog] [info] Fragment incompatibility prior below threshold.  Incompatible fragments will be ignored.
[2024-04-18 10:29:06.227] [jointLog] [info] Usage of --validateMappings implies use of minScoreFraction. Since not explicitly specified, it is being set to 0.65
[2024-04-18 10:29:06.227] [jointLog] [info] Setting consensusSlack to selective-alignment default of 0.35.
[2024-04-18 10:29:06.227] [jointLog] [info] parsing read library format
[2024-04-18 10:29:06.227] [jointLog] [info] There is 1 library.
[2024-04-18 10:29:06.228] [jointLog] [info] Loading pufferfish index
[2024-04-18 10:29:06.228] [jointLog] [info] Loading dense pufferfish index.
[2024-04-18 10:29:07.514] [jointLog] [info] done
[2024-04-18 10:29:07.739] [jointLog] [info] Index contained 6,167 targets
[2024-04-18 10:29:07.743] [jointLog] [info] Number of decoys : 696
[2024-04-18 10:29:07.743] [jointLog] [info] First decoy index : 5,471 
[2024-04-18 10:29:08.123] [jointLog] [info] Computed 280 rich equivalence classes for further processing
[2024-04-18 10:29:08.123] [jointLog] [info] Counted 6,383 total reads in the equivalence classes 
[2024-04-18 10:29:08.127] [jointLog] [warning] 0.205813% of fragments were shorter than the k used to build the index.
If this fraction is too large, consider re-building the index with a smaller k.
The minimum read size found was 25.


[2024-04-18 10:29:08.127] [jointLog] [info] Number of mappings discarded because of alignment score : 14,695
[2024-04-18 10:29:08.127] [jointLog] [info] Number of fragments entirely discarded because of alignment score : 5,011
[2024-04-18 10:29:08.127] [jointLog] [info] Number of fragments discarded because they are best-mapped to decoys : 2,835
[2024-04-18 10:29:08.127] [jointLog] [info] Number of fragments discarded because they have only dovetail (discordant) mappings to valid targets : 154
[2024-04-18 10:29:08.127] [jointLog] [warning] Only 6383 fragments were mapped, but the number of burn-in fragments was set to 5000000.
The effective lengths have been computed using the observed mappings.

[2024-04-18 10:29:08.127] [jointLog] [info] Mapping rate = 32.0416%

[2024-04-18 10:29:08.127] [jointLog] [info] finished quantifyLibrary()
[2024-04-18 10:29:08.129] [jointLog] [info] Starting optimizer
[2024-04-18 10:29:08.131] [jointLog] [info] Marked 0 weighted equivalence classes as degenerate
[2024-04-18 10:29:08.132] [jointLog] [info] iteration = 0 | max rel diff. = 18.8501
[2024-04-18 10:29:08.168] [jointLog] [info] iteration = 100 | max rel diff. = 0.000630239
[2024-04-18 10:29:08.169] [jointLog] [info] Finished optimizer
[2024-04-18 10:29:08.169] [jointLog] [info] writing output 

[2024-04-18 10:29:08.124] [fileLog] [info] 
At end of round 0
==================
Observed 19921 total fragments (19921 in most recent round)

