[2024-04-18 10:29:05.981] [jointLog] [info] setting maxHashResizeThreads to 4
[2024-04-18 10:29:05.981] [jointLog] [info] Fragment incompatibility prior below threshold.  Incompatible fragments will be ignored.
[2024-04-18 10:29:05.981] [jointLog] [info] Usage of --validateMappings implies use of minScoreFraction. Since not explicitly specified, it is being set to 0.65
[2024-04-18 10:29:05.981] [jointLog] [info] Setting consensusSlack to selective-alignment default of 0.35.
[2024-04-18 10:29:05.981] [jointLog] [info] parsing read library format
[2024-04-18 10:29:05.981] [jointLog] [info] There is 1 library.
[2024-04-18 10:29:05.981] [jointLog] [info] Loading pufferfish index
[2024-04-18 10:29:05.981] [jointLog] [info] Loading dense pufferfish index.
[2024-04-18 10:29:06.888] [jointLog] [info] done
[2024-04-18 10:29:07.064] [jointLog] [info] Index contained 6,167 targets
[2024-04-18 10:29:07.066] [jointLog] [info] Number of decoys : 696
[2024-04-18 10:29:07.066] [jointLog] [info] First decoy index : 5,471 
[2024-04-18 10:29:07.405] [jointLog] [info] Computed 85 rich equivalence classes for further processing
[2024-04-18 10:29:07.405] [jointLog] [info] Counted 225 total reads in the equivalence classes 
[2024-04-18 10:29:07.407] [jointLog] [warning] 0.388085% of fragments were shorter than the k used to build the index.
If this fraction is too large, consider re-building the index with a smaller k.
The minimum read size found was 25.


[2024-04-18 10:29:07.407] [jointLog] [info] Number of mappings discarded because of alignment score : 21,374
[2024-04-18 10:29:07.407] [jointLog] [info] Number of fragments entirely discarded because of alignment score : 5,173
[2024-04-18 10:29:07.407] [jointLog] [info] Number of fragments discarded because they are best-mapped to decoys : 2,917
[2024-04-18 10:29:07.407] [jointLog] [info] Number of fragments discarded because they have only dovetail (discordant) mappings to valid targets : 9
[2024-04-18 10:29:07.408] [jointLog] [warning] Only 225 fragments were mapped, but the number of burn-in fragments was set to 5000000.
The effective lengths have been computed using the observed mappings.

[2024-04-18 10:29:07.408] [jointLog] [info] Mapping rate = 1.13402%

[2024-04-18 10:29:07.408] [jointLog] [info] finished quantifyLibrary()
[2024-04-18 10:29:07.409] [jointLog] [info] Starting optimizer
[2024-04-18 10:29:07.411] [jointLog] [info] Marked 0 weighted equivalence classes as degenerate
[2024-04-18 10:29:07.411] [jointLog] [info] iteration = 0 | max rel diff. = 0.998893
[2024-04-18 10:29:07.456] [jointLog] [info] iteration = 100 | max rel diff. = 5.32561e-15
[2024-04-18 10:29:07.456] [jointLog] [info] Finished optimizer
[2024-04-18 10:29:07.456] [jointLog] [info] writing output 

[2024-04-18 10:29:07.466] [jointLog] [warning] NOTE: Read Lib [[ L4_1.fq.gz.P.qtrim.gz, L4_2.fq.gz.P.qtrim.gz]] :

Detected a *potential* strand bias > 1% in an unstranded protocol check the file: L4_quant/lib_format_counts.json for details

[2024-04-18 10:29:07.405] [fileLog] [info] 
At end of round 0
==================
Observed 19841 total fragments (19841 in most recent round)

