[2024-04-18 10:29:05.895] [jointLog] [info] setting maxHashResizeThreads to 4
[2024-04-18 10:29:05.895] [jointLog] [info] Fragment incompatibility prior below threshold.  Incompatible fragments will be ignored.
[2024-04-18 10:29:05.895] [jointLog] [info] Usage of --validateMappings implies use of minScoreFraction. Since not explicitly specified, it is being set to 0.65
[2024-04-18 10:29:05.895] [jointLog] [info] Setting consensusSlack to selective-alignment default of 0.35.
[2024-04-18 10:29:05.895] [jointLog] [info] parsing read library format
[2024-04-18 10:29:05.895] [jointLog] [info] There is 1 library.
[2024-04-18 10:29:05.895] [jointLog] [info] Loading pufferfish index
[2024-04-18 10:29:05.895] [jointLog] [info] Loading dense pufferfish index.
[2024-04-18 10:29:06.696] [jointLog] [info] done
[2024-04-18 10:29:06.784] [jointLog] [info] Index contained 6,167 targets
[2024-04-18 10:29:06.784] [jointLog] [info] Number of decoys : 696
[2024-04-18 10:29:06.784] [jointLog] [info] First decoy index : 5,471 
[2024-04-18 10:29:07.149] [jointLog] [info] Computed 348 rich equivalence classes for further processing
[2024-04-18 10:29:07.149] [jointLog] [info] Counted 11,536 total reads in the equivalence classes 
[2024-04-18 10:29:07.155] [jointLog] [warning] 0.180587% of fragments were shorter than the k used to build the index.
If this fraction is too large, consider re-building the index with a smaller k.
The minimum read size found was 25.


[2024-04-18 10:29:07.155] [jointLog] [info] Number of mappings discarded because of alignment score : 15,864
[2024-04-18 10:29:07.155] [jointLog] [info] Number of fragments entirely discarded because of alignment score : 4,797
[2024-04-18 10:29:07.155] [jointLog] [info] Number of fragments discarded because they are best-mapped to decoys : 2,608
[2024-04-18 10:29:07.155] [jointLog] [info] Number of fragments discarded because they have only dovetail (discordant) mappings to valid targets : 242
[2024-04-18 10:29:07.155] [jointLog] [warning] Only 11536 fragments were mapped, but the number of burn-in fragments was set to 5000000.
The effective lengths have been computed using the observed mappings.

[2024-04-18 10:29:07.155] [jointLog] [info] Mapping rate = 57.8681%

[2024-04-18 10:29:07.155] [jointLog] [info] finished quantifyLibrary()
[2024-04-18 10:29:07.156] [jointLog] [info] Starting optimizer
[2024-04-18 10:29:07.159] [jointLog] [info] Marked 0 weighted equivalence classes as degenerate
[2024-04-18 10:29:07.159] [jointLog] [info] iteration = 0 | max rel diff. = 64.4235
[2024-04-18 10:29:07.194] [jointLog] [info] iteration = 100 | max rel diff. = 5.57916e-07
[2024-04-18 10:29:07.194] [jointLog] [info] Finished optimizer
[2024-04-18 10:29:07.194] [jointLog] [info] writing output 

[2024-04-18 10:29:07.150] [fileLog] [info] 
At end of round 0
==================
Observed 19935 total fragments (19935 in most recent round)

