[2024-04-18 10:29:05.854] [jointLog] [info] setting maxHashResizeThreads to 4
[2024-04-18 10:29:05.854] [jointLog] [info] Fragment incompatibility prior below threshold.  Incompatible fragments will be ignored.
[2024-04-18 10:29:05.854] [jointLog] [info] Usage of --validateMappings implies use of minScoreFraction. Since not explicitly specified, it is being set to 0.65
[2024-04-18 10:29:05.854] [jointLog] [info] Setting consensusSlack to selective-alignment default of 0.35.
[2024-04-18 10:29:05.854] [jointLog] [info] parsing read library format
[2024-04-18 10:29:05.854] [jointLog] [info] There is 1 library.
[2024-04-18 10:29:05.855] [jointLog] [info] Loading pufferfish index
[2024-04-18 10:29:05.855] [jointLog] [info] Loading dense pufferfish index.
[2024-04-18 10:29:07.004] [fileLog] [info] 
At end of round 0
==================
Observed 19878 total fragments (19878 in most recent round)

[2024-04-18 10:29:06.648] [jointLog] [info] done
[2024-04-18 10:29:06.735] [jointLog] [info] Index contained 6,167 targets
[2024-04-18 10:29:06.736] [jointLog] [info] Number of decoys : 696
[2024-04-18 10:29:06.736] [jointLog] [info] First decoy index : 5,471 
[2024-04-18 10:29:07.004] [jointLog] [info] Computed 158 rich equivalence classes for further processing
[2024-04-18 10:29:07.004] [jointLog] [info] Counted 5,283 total reads in the equivalence classes 
[2024-04-18 10:29:07.008] [jointLog] [warning] 0.226381% of fragments were shorter than the k used to build the index.
If this fraction is too large, consider re-building the index with a smaller k.
The minimum read size found was 25.


[2024-04-18 10:29:07.008] [jointLog] [info] Number of mappings discarded because of alignment score : 14,028
[2024-04-18 10:29:07.008] [jointLog] [info] Number of fragments entirely discarded because of alignment score : 4,882
[2024-04-18 10:29:07.008] [jointLog] [info] Number of fragments discarded because they are best-mapped to decoys : 2,703
[2024-04-18 10:29:07.008] [jointLog] [info] Number of fragments discarded because they have only dovetail (discordant) mappings to valid targets : 152
[2024-04-18 10:29:07.008] [jointLog] [warning] Only 5283 fragments were mapped, but the number of burn-in fragments was set to 5000000.
The effective lengths have been computed using the observed mappings.

[2024-04-18 10:29:07.008] [jointLog] [info] Mapping rate = 26.5771%

[2024-04-18 10:29:07.008] [jointLog] [info] finished quantifyLibrary()
[2024-04-18 10:29:07.009] [jointLog] [info] Starting optimizer
[2024-04-18 10:29:07.012] [jointLog] [info] Marked 0 weighted equivalence classes as degenerate
[2024-04-18 10:29:07.012] [jointLog] [info] iteration = 0 | max rel diff. = 18.0974
[2024-04-18 10:29:07.054] [jointLog] [info] iteration = 100 | max rel diff. = 0.00183794
[2024-04-18 10:29:07.054] [jointLog] [info] Finished optimizer
[2024-04-18 10:29:07.054] [jointLog] [info] writing output 

[2024-04-18 10:29:07.064] [jointLog] [warning] NOTE: Read Lib [[ E8_1.fq.gz.P.qtrim.gz, E8_2.fq.gz.P.qtrim.gz]] :

Detected a *potential* strand bias > 1% in an unstranded protocol check the file: E8_quant/lib_format_counts.json for details

