[2025-09-03 08:58:55,438] multiqc                                            [DEBUG  ]  This is MultiQC v1.21
[2025-09-03 08:58:55,441] multiqc                                            [DEBUG  ]  Command used: /home/goldriev/scratch/conda_envs/envs/vsgseq2-env/bin/multiqc .
[2025-09-03 08:58:55,526] multiqc                                            [WARNING]  MultiQC Version v1.30 now available!
[2025-09-03 08:58:55,526] multiqc                                            [DEBUG  ]  Latest MultiQC version is v1.30, released 2025-07-09
[2025-09-03 08:58:55,526] multiqc                                            [DEBUG  ]  Working dir : /exports/eddie/scratch/goldriev/frank/vsgseq2/data/reads/work/8e/7f0a168cebf2e165a450399d362765
[2025-09-03 08:58:55,526] multiqc                                            [DEBUG  ]  Template    : default
[2025-09-03 08:58:55,526] multiqc                                            [DEBUG  ]  Running Python 3.8.19 | packaged by conda-forge | (default, Mar 20 2024, 12:47:35)  [GCC 12.3.0]
[2025-09-03 08:58:55,526] multiqc                                            [DEBUG  ]  Analysing modules: custom_content, ccs, ngsderive, purple, conpair, isoseq, lima, peddy, somalier, methylqa, mosdepth, phantompeakqualtools, qualimap, bamdst, preseq, hifiasm, quast, qorts, rna_seqc, rockhopper, rsem, rseqc, busco, bustools, goleft_indexcov, gffcompare, disambiguate, supernova, deeptools, sargasso, verifybamid, mirtrace, happy, mirtop, sambamba, gopeaks, homer, hops, macs2, theta2, snpeff, gatk, htseq, bcftools, featureCounts, fgbio, dragen, dragen_fastqc, dedup, pbmarkdup, damageprofiler, mapdamage, biobambam2, jcvi, mtnucratio, picard, vep, bakta, prokka, qc3C, nanostat, samblaster, samtools, sexdeterrmine, seqera_cli, eigenstratdatabasetools, bamtools, jellyfish, vcftools, longranger, stacks, varscan2, snippy, umitools, truvari, megahit, bbmap, bismark, biscuit, diamond, hicexplorer, hicup, hicpro, salmon, kallisto, slamdunk, star, hisat2, tophat, bowtie2, bowtie1, cellranger, snpsplit, odgi, pangolin, nextclade, freyja, humid, kat, leehom, librarian, nonpareil, adapterRemoval, bbduk, clipandmerge, cutadapt, flexbar, sourmash, kaiju, bracken, kraken, malt, motus, trimmomatic, sickle, skewer, sortmerna, biobloomtools, fastq_screen, afterqc, fastp, fastqc, filtlong, prinseqplusplus, pychopper, porechop, pycoqc, minionqc, anglerfish, multivcfanalyzer, clusterflow, checkqc, bcl2fastq, bclconvert, interop, ivar, flash, seqyclean, optitype, whatshap, spaceranger, xenome, xengsort, metaphlan, seqwho
[2025-09-03 08:58:55,526] multiqc                                            [DEBUG  ]  Using temporary directory for creating report: /local/50664213.1.eddie/tmpi_gbzw3n
[2025-09-03 08:58:55,535] multiqc                                            [INFO   ]  Search path : /exports/eddie/scratch/goldriev/frank/vsgseq2/data/reads/work/8e/7f0a168cebf2e165a450399d362765
[2025-09-03 08:58:55,643] multiqc                                            [DEBUG  ]  Summary of files that were skipped by the search: [skipped_no_match: 38] // [skipped_module_specific_max_filesize: 23]
[2025-09-03 08:58:55,753] multiqc                                            [DEBUG  ]  No samples found: custom_content
[2025-09-03 08:58:55,769] multiqc.modules.salmon.salmon                      [INFO   ]  Found 4 meta reports
[2025-09-03 08:58:55,769] multiqc.utils.util_functions                       [DEBUG  ]  Wrote data file multiqc_salmon.txt
[2025-09-03 08:58:55,769] multiqc.modules.salmon.salmon                      [INFO   ]  Found 4 fragment length distributions
[2025-09-03 08:58:55,769] multiqc.modules.salmon.salmon                      [INFO   ]  Found 4 library format counts reports
[2025-09-03 08:58:55,991] multiqc.utils.software_versions                    [DEBUG  ]  Reading software versions from config.software_versions
[2025-09-03 08:58:55,994] multiqc.utils.util_functions                       [DEBUG  ]  Wrote data file multiqc_software_versions.txt
[2025-09-03 08:58:56,024] multiqc.utils.util_functions                       [DEBUG  ]  Wrote data file multiqc_general_stats.txt
[2025-09-03 08:58:56,024] multiqc                                            [DEBUG  ]  Compressing plot data
[2025-09-03 08:58:56,091] multiqc.utils.util_functions                       [DEBUG  ]  Wrote data file multiqc_data.json
[2025-09-03 08:58:56,092] multiqc                                            [INFO   ]  Report      : multiqc_report.html
[2025-09-03 08:58:56,092] multiqc                                            [INFO   ]  Data        : multiqc_data
[2025-09-03 08:58:56,092] multiqc                                            [DEBUG  ]  Moving data file from '/local/50664213.1.eddie/tmpi_gbzw3n/multiqc_data' to '/exports/eddie/scratch/goldriev/frank/vsgseq2/data/reads/work/8e/7f0a168cebf2e165a450399d362765/multiqc_data'
[2025-09-03 08:58:56,097] multiqc                                            [DEBUG  ]  Full report path: /exports/eddie/scratch/goldriev/frank/vsgseq2/data/reads/work/8e/7f0a168cebf2e165a450399d362765/multiqc_report.html
[2025-09-03 08:58:56,336] multiqc                                            [INFO   ]  MultiQC complete
