[2024-04-17 13:08:34.207] [jointLog] [info] setting maxHashResizeThreads to 4
[2024-04-17 13:08:34.207] [jointLog] [info] Fragment incompatibility prior below threshold.  Incompatible fragments will be ignored.
[2024-04-17 13:08:34.207] [jointLog] [info] Usage of --validateMappings implies use of minScoreFraction. Since not explicitly specified, it is being set to 0.65
[2024-04-17 13:08:34.207] [jointLog] [info] Setting consensusSlack to selective-alignment default of 0.35.
[2024-04-17 13:08:34.207] [jointLog] [info] parsing read library format
[2024-04-17 13:08:34.207] [jointLog] [info] There is 1 library.
[2024-04-17 13:08:34.208] [jointLog] [info] Loading pufferfish index
[2024-04-17 13:08:34.208] [jointLog] [info] Loading dense pufferfish index.
[2024-04-17 13:08:34.785] [jointLog] [info] done
[2024-04-17 13:08:34.846] [jointLog] [info] Index contained 6,033 targets
[2024-04-17 13:08:34.846] [jointLog] [info] Number of decoys : 696
[2024-04-17 13:08:34.846] [jointLog] [info] First decoy index : 5,337 
[2024-04-17 13:08:35.102] [jointLog] [info] Computed 168 rich equivalence classes for further processing
[2024-04-17 13:08:35.102] [jointLog] [info] Counted 5,639 total reads in the equivalence classes 
[2024-04-17 13:08:35.106] [jointLog] [warning] 0.226381% of fragments were shorter than the k used to build the index.
If this fraction is too large, consider re-building the index with a smaller k.
The minimum read size found was 25.


[2024-04-17 13:08:35.106] [jointLog] [info] Number of mappings discarded because of alignment score : 13,187
[2024-04-17 13:08:35.106] [jointLog] [info] Number of fragments entirely discarded because of alignment score : 4,743
[2024-04-17 13:08:35.106] [jointLog] [info] Number of fragments discarded because they are best-mapped to decoys : 2,508
[2024-04-17 13:08:35.106] [jointLog] [info] Number of fragments discarded because they have only dovetail (discordant) mappings to valid targets : 175
[2024-04-17 13:08:35.106] [jointLog] [warning] Only 5639 fragments were mapped, but the number of burn-in fragments was set to 5000000.
The effective lengths have been computed using the observed mappings.

[2024-04-17 13:08:35.106] [jointLog] [info] Mapping rate = 28.368%

[2024-04-17 13:08:35.106] [jointLog] [info] finished quantifyLibrary()
[2024-04-17 13:08:35.213] [jointLog] [info] Starting optimizer
[2024-04-17 13:08:35.215] [jointLog] [info] Marked 0 weighted equivalence classes as degenerate
[2024-04-17 13:08:35.216] [jointLog] [info] iteration = 0 | max rel diff. = 4.21424
[2024-04-17 13:08:35.256] [jointLog] [info] iteration = 100 | max rel diff. = 8.66492e-05
[2024-04-17 13:08:35.257] [jointLog] [info] Finished optimizer
[2024-04-17 13:08:35.257] [jointLog] [info] writing output 

[2024-04-17 13:08:35.269] [jointLog] [warning] NOTE: Read Lib [[ E8_1.fq.gz.P.qtrim.gz, E8_2.fq.gz.P.qtrim.gz]] :

Detected a *potential* strand bias > 1% in an unstranded protocol check the file: E8_quant/lib_format_counts.json for details

[2024-04-17 13:08:35.103] [fileLog] [info] 
At end of round 0
==================
Observed 19878 total fragments (19878 in most recent round)

